{
  "stats": {
    "suites": 1,
    "tests": 1,
    "passes": 1,
    "pending": 0,
    "failures": 0,
    "start": "2023-12-24T07:36:44.903Z",
    "end": "2023-12-24T07:39:01.778Z",
    "duration": 136875,
    "testsRegistered": 1,
    "passPercent": 100,
    "pendingPercent": 0,
    "other": 0,
    "hasOther": false,
    "skipped": 0,
    "hasSkipped": false
  },
  "results": [
    {
      "uuid": "ce920b83-b8db-4205-8f15-39ef2865672a",
      "title": "",
      "fullFile": "cypress\\e2e\\accountPage.cy.js",
      "file": "cypress\\e2e\\accountPage.cy.js",
      "beforeHooks": [],
      "afterHooks": [],
      "tests": [],
      "suites": [
        {
          "uuid": "52a0b59f-7069-4495-a998-d4e6df52a268",
          "title": "AccountPage TS_003 ",
          "fullFile": "",
          "file": "",
          "beforeHooks": [],
          "afterHooks": [],
          "tests": [
            {
              "title": "TC_AC_014 - Validate the \"Wishlist\" section on the \"MY ACCOUNT\" main page",
              "fullTitle": "AccountPage TS_003  TC_AC_014 - Validate the \"Wishlist\" section on the \"MY ACCOUNT\" main page",
              "timedOut": null,
              "duration": 136829,
              "state": "passed",
              "speed": "slow",
              "pass": true,
              "fail": false,
              "pending": false,
              "context": null,
              "code": "cy.visit('/account/sign-in');\naccountPage.signin('johndoe@yopmail.com', '123456');\naccountPage.goToWishilistSection(); //validate Wishlist section\naccountPage.addRadomProductToWishList(); //Add a Random product to wishlist\naccountPage.validateWishListSection(); //validate Wishlist Section\naccountPage.removeFirstProductFromWishList(); //Remove first product from wishlist",
              "err": {},
              "uuid": "2b91cb61-1f54-4ddc-9e7c-9d172fff4a5d",
              "parentUUID": "52a0b59f-7069-4495-a998-d4e6df52a268",
              "isHook": false,
              "skipped": false
            }
          ],
          "suites": [],
          "passes": [
            "2b91cb61-1f54-4ddc-9e7c-9d172fff4a5d"
          ],
          "failures": [],
          "pending": [],
          "skipped": [],
          "duration": 136829,
          "root": false,
          "rootEmpty": false,
          "_timeout": 2000
        }
      ],
      "passes": [],
      "failures": [],
      "pending": [],
      "skipped": [],
      "duration": 0,
      "root": true,
      "rootEmpty": true,
      "_timeout": 2000
    }
  ],
  "meta": {
    "mocha": {
      "version": "7.0.1"
    },
    "mochawesome": {
      "options": {
        "quiet": false,
        "reportFilename": "mochawesome",
        "saveHtml": false,
        "saveJson": true,
        "consoleReporter": "spec",
        "useInlineDiffs": false,
        "code": true
      },
      "version": "7.1.3"
    },
    "marge": {
      "options": {
        "charts": true,
        "reportPageTitle": "EZContact Test Report",
        "embeddedScreenshots": true,
        "inlineAssets": true,
        "saveAllAttempts": false,
        "overwrite": false,
        "html": false,
        "json": true,
        "reportDir": "cypress\\reports\\html\\.jsons"
      },
      "version": "6.2.0"
    }
  }
}